生成启动时间为 2018.11.4 PM 4:30:36。
     1>项目“D:\MFCProjects\cgLfrFillPoly\cgLfrFillPoly\cgLfrFillPoly\cgLfrFillPoly.vcxproj”在节点 2 上(build 个目标)。
     1>InitializeBuildStatus:
         正在创建“Debug\cgLfrFillPoly.unsuccessfulbuild”，因为已指定“AlwaysCreate”。
       ClCompile:
         所有输出均为最新。
         e:\Program Files (x86)\Microsoft Visual Studio 10.0\VC\bin\CL.exe /c /ZI /nologo /W3 /WX- /Od /Oy- /D WIN32 /D _WINDOWS /D _DEBUG /D _UNICODE /D UNICODE /D _AFXDLL /Gm /EHsc /RTC1 /MDd /GS /fp:precise /Zc:wchar_t /Zc:forScope /Yu"StdAfx.h" /Fp"Debug\cgLfrFillPoly.pch" /Fo"Debug\\" /Fd"Debug\vc100.pdb" /Gd /TP /analyze- /errorReport:prompt cgLfrFillPolyView.cpp
         cgLfrFillPolyView.cpp
     1>d:\mfcprojects\cglfrfillpoly\cglfrfillpoly\cglfrfillpoly\cglfrfillpolyview.cpp(239): warning C4244: “=”: 从“LONG”转换到“float”，可能丢失数据
     1>d:\mfcprojects\cglfrfillpoly\cglfrfillpoly\cglfrfillpoly\cglfrfillpolyview.cpp(239): warning C4244: “=”: 从“double”转换到“float”，可能丢失数据
     1>d:\mfcprojects\cglfrfillpoly\cglfrfillpoly\cglfrfillpoly\cglfrfillpolyview.cpp(241): warning C4244: “=”: 从“LONG”转换到“float”，可能丢失数据
     1>d:\mfcprojects\cglfrfillpoly\cglfrfillpoly\cglfrfillpoly\cglfrfillpolyview.cpp(241): warning C4244: “=”: 从“double”转换到“float”，可能丢失数据
     1>d:\mfcprojects\cglfrfillpoly\cglfrfillpoly\cglfrfillpoly\cglfrfillpolyview.cpp(279): warning C4244: “=”: 从“double”转换到“float”，可能丢失数据
     1>d:\mfcprojects\cglfrfillpoly\cglfrfillpoly\cglfrfillpoly\cglfrfillpolyview.cpp(326): warning C4244: “参数”: 从“float”转换到“int”，可能丢失数据
     1>d:\mfcprojects\cglfrfillpoly\cglfrfillpoly\cglfrfillpoly\cglfrfillpolyview.cpp(327): warning C4244: “参数”: 从“float”转换到“int”，可能丢失数据
     1>d:\mfcprojects\cglfrfillpoly\cglfrfillpoly\cglfrfillpoly\cglfrfillpolyview.cpp(331): warning C4244: “初始化”: 从“float”转换到“int”，可能丢失数据
     1>d:\mfcprojects\cglfrfillpoly\cglfrfillpoly\cglfrfillpoly\cglfrfillpolyview.cpp(320): warning C4101: “x”: 未引用的局部变量
       ResourceCompile:
         所有输出均为最新。
       ManifestResourceCompile:
         所有输出均为最新。
       Link:
         e:\Program Files (x86)\Microsoft Visual Studio 10.0\VC\bin\link.exe /ERRORREPORT:PROMPT /OUT:"D:\MFCProjects\cgLfrFillPoly\cgLfrFillPoly\Debug\cgLfrFillPoly.exe" /INCREMENTAL /NOLOGO /MANIFEST /ManifestFile:"Debug\cgLfrFillPoly.exe.intermediate.manifest" /MANIFESTUAC:"level='asInvoker' uiAccess='false'" /DEBUG /PDB:"D:\MFCProjects\cgLfrFillPoly\cgLfrFillPoly\Debug\cgLfrFillPoly.pdb" /SUBSYSTEM:WINDOWS /TLBID:1 /ENTRY:"wWinMainCRTStartup" /DYNAMICBASE /NXCOMPAT /IMPLIB:"D:\MFCProjects\cgLfrFillPoly\cgLfrFillPoly\Debug\cgLfrFillPoly.lib" /MACHINE:X86 Debug\cgLfrFillPoly.res
         Debug\cgLfrFillPoly.exe.embed.manifest.res
         Debug\cgLfrFillPoly.obj
         Debug\cgLfrFillPolyDoc.obj
         Debug\cgLfrFillPolyView.obj
         Debug\ClassView.obj
         Debug\FileView.obj
         Debug\MainFrm.obj
         Debug\OutputWnd.obj
         Debug\PropertiesWnd.obj
         Debug\stdafx.obj
         Debug\ViewTree.obj
       Manifest:
         C:\Program Files (x86)\Microsoft SDKs\Windows\v7.0A\bin\mt.exe /nologo /verbose /out:"Debug\cgLfrFillPoly.exe.embed.manifest" /manifest Debug\cgLfrFillPoly.exe.intermediate.manifest "e:\Program Files (x86)\Microsoft Visual Studio 10.0\VC\Include\Manifest\dpiaware.manifest"
         所有输出均为最新。
       LinkEmbedManifest:
         所有输出均为最新。
         cgLfrFillPoly.vcxproj -> D:\MFCProjects\cgLfrFillPoly\cgLfrFillPoly\Debug\cgLfrFillPoly.exe
       FinalizeBuildStatus:
         正在删除文件“Debug\cgLfrFillPoly.unsuccessfulbuild”。
         正在对“Debug\cgLfrFillPoly.lastbuildstate”执行 Touch 任务。
     1>已完成生成项目“D:\MFCProjects\cgLfrFillPoly\cgLfrFillPoly\cgLfrFillPoly\cgLfrFillPoly.vcxproj”(build 个目标)的操作。

生成成功。

已用时间 00:00:03.50
