生成启动时间为 2018.11.9 AM 9:47:39。
     1>项目“D:\MFCProjects\cgDzxFillPoly\cgDzxFillPoly\cgDzxFillPoly.vcxproj”在节点 2 上(build 个目标)。
     1>InitializeBuildStatus:
         正在创建“Debug\cgDzxFillPoly.unsuccessfulbuild”，因为已指定“AlwaysCreate”。
       ClCompile:
         所有输出均为最新。
         所有输出均为最新。
       ResourceCompile:
         所有输出均为最新。
       ManifestResourceCompile:
         所有输出均为最新。
       Link:
         e:\Program Files (x86)\Microsoft Visual Studio 10.0\VC\bin\link.exe /ERRORREPORT:PROMPT /OUT:"D:\MFCProjects\cgDzxFillPoly\Debug\cgDzxFillPoly.exe" /INCREMENTAL /NOLOGO /MANIFEST /ManifestFile:"Debug\cgDzxFillPoly.exe.intermediate.manifest" /MANIFESTUAC:"level='asInvoker' uiAccess='false'" /DEBUG /PDB:"D:\MFCProjects\cgDzxFillPoly\Debug\cgDzxFillPoly.pdb" /SUBSYSTEM:WINDOWS /TLBID:1 /ENTRY:"wWinMainCRTStartup" /DYNAMICBASE /NXCOMPAT /IMPLIB:"D:\MFCProjects\cgDzxFillPoly\Debug\cgDzxFillPoly.lib" /MACHINE:X86 Debug\cgDzxFillPoly.res
         Debug\cgDzxFillPoly.exe.embed.manifest.res
         Debug\cgDzxFillPoly.obj
         Debug\cgDzxFillPolyDoc.obj
         Debug\cgDzxFillPolyView.obj
         Debug\CgSelectControl.obj
         Debug\MainFrm.obj
         Debug\stdafx.obj
       Manifest:
         C:\Program Files (x86)\Microsoft SDKs\Windows\v7.0A\bin\mt.exe /nologo /verbose /out:"Debug\cgDzxFillPoly.exe.embed.manifest" /manifest Debug\cgDzxFillPoly.exe.intermediate.manifest "e:\Program Files (x86)\Microsoft Visual Studio 10.0\VC\Include\Manifest\dpiaware.manifest"
         所有输出均为最新。
       LinkEmbedManifest:
         所有输出均为最新。
         cgDzxFillPoly.vcxproj -> D:\MFCProjects\cgDzxFillPoly\Debug\cgDzxFillPoly.exe
       FinalizeBuildStatus:
         正在删除文件“Debug\cgDzxFillPoly.unsuccessfulbuild”。
         正在对“Debug\cgDzxFillPoly.lastbuildstate”执行 Touch 任务。
     1>已完成生成项目“D:\MFCProjects\cgDzxFillPoly\cgDzxFillPoly\cgDzxFillPoly.vcxproj”(build 个目标)的操作。

生成成功。

已用时间 00:00:03.15
