生成启动时间为 2019.1.11 AM 8:45:17。
     1>项目“D:\MFCProjects\cg2018DZx2DTrans\cg2018DZx2DTrans\cg2018DZx2DTrans\cg2018DZx2DTrans.vcxproj”在节点 2 上(build 个目标)。
     1>InitializeBuildStatus:
         正在创建“Debug\cg2018DZx2DTrans.unsuccessfulbuild”，因为已指定“AlwaysCreate”。
       ClCompile:
         所有输出均为最新。
         e:\Program Files (x86)\Microsoft Visual Studio 10.0\VC\bin\CL.exe /c /ZI /nologo /W3 /WX- /Od /Oy- /D WIN32 /D _WINDOWS /D _DEBUG /D _UNICODE /D UNICODE /D _AFXDLL /Gm /EHsc /RTC1 /MDd /GS /fp:precise /Zc:wchar_t /Zc:forScope /Yu"StdAfx.h" /Fp"Debug\cg2018DZx2DTrans.pch" /Fo"Debug\\" /Fd"Debug\vc100.pdb" /Gd /TP /analyze- /errorReport:prompt cg2018DZx2DTransView.cpp
         cg2018DZx2DTransView.cpp
     1>d:\mfcprojects\cg2018dzx2dtrans\cg2018dzx2dtrans\cg2018dzx2dtrans\cg2018dzx2dtransview.cpp(265): warning C4244: “参数”: 从“double”转换到“float”，可能丢失数据
     1>d:\mfcprojects\cg2018dzx2dtrans\cg2018dzx2dtrans\cg2018dzx2dtrans\cg2018dzx2dtransview.cpp(265): warning C4244: “参数”: 从“double”转换到“float”，可能丢失数据
     1>d:\mfcprojects\cg2018dzx2dtrans\cg2018dzx2dtrans\cg2018dzx2dtrans\cg2018dzx2dtransview.cpp(268): warning C4305: “参数”: 从“double”到“float”截断
     1>d:\mfcprojects\cg2018dzx2dtrans\cg2018dzx2dtrans\cg2018dzx2dtrans\cg2018dzx2dtransview.cpp(268): warning C4305: “参数”: 从“double”到“float”截断
     1>d:\mfcprojects\cg2018dzx2dtrans\cg2018dzx2dtrans\cg2018dzx2dtrans\cg2018dzx2dtransview.cpp(278): warning C4244: “参数”: 从“double”转换到“float”，可能丢失数据
     1>d:\mfcprojects\cg2018dzx2dtrans\cg2018dzx2dtrans\cg2018dzx2dtrans\cg2018dzx2dtransview.cpp(278): warning C4244: “参数”: 从“double”转换到“float”，可能丢失数据
     1>d:\mfcprojects\cg2018dzx2dtrans\cg2018dzx2dtrans\cg2018dzx2dtrans\cg2018dzx2dtransview.cpp(281): warning C4305: “参数”: 从“double”到“float”截断
     1>d:\mfcprojects\cg2018dzx2dtrans\cg2018dzx2dtrans\cg2018dzx2dtrans\cg2018dzx2dtransview.cpp(281): warning C4305: “参数”: 从“double”到“float”截断
     1>d:\mfcprojects\cg2018dzx2dtrans\cg2018dzx2dtrans\cg2018dzx2dtrans\cg2018dzx2dtransview.cpp(291): warning C4244: “参数”: 从“double”转换到“float”，可能丢失数据
     1>d:\mfcprojects\cg2018dzx2dtrans\cg2018dzx2dtrans\cg2018dzx2dtrans\cg2018dzx2dtransview.cpp(291): warning C4244: “参数”: 从“double”转换到“float”，可能丢失数据
     1>d:\mfcprojects\cg2018dzx2dtrans\cg2018dzx2dtrans\cg2018dzx2dtrans\cg2018dzx2dtransview.cpp(294): warning C4305: “参数”: 从“double”到“float”截断
     1>d:\mfcprojects\cg2018dzx2dtrans\cg2018dzx2dtrans\cg2018dzx2dtrans\cg2018dzx2dtransview.cpp(294): warning C4305: “参数”: 从“double”到“float”截断
     1>d:\mfcprojects\cg2018dzx2dtrans\cg2018dzx2dtrans\cg2018dzx2dtrans\cg2018dzx2dtransview.cpp(304): warning C4244: “参数”: 从“double”转换到“float”，可能丢失数据
     1>d:\mfcprojects\cg2018dzx2dtrans\cg2018dzx2dtrans\cg2018dzx2dtrans\cg2018dzx2dtransview.cpp(304): warning C4244: “参数”: 从“double”转换到“float”，可能丢失数据
     1>d:\mfcprojects\cg2018dzx2dtrans\cg2018dzx2dtrans\cg2018dzx2dtrans\cg2018dzx2dtransview.cpp(307): warning C4305: “参数”: 从“double”到“float”截断
     1>d:\mfcprojects\cg2018dzx2dtrans\cg2018dzx2dtrans\cg2018dzx2dtrans\cg2018dzx2dtransview.cpp(307): warning C4305: “参数”: 从“double”到“float”截断
     1>d:\mfcprojects\cg2018dzx2dtrans\cg2018dzx2dtrans\cg2018dzx2dtrans\cg2018dzx2dtransview.cpp(345): warning C4244: “=”: 从“float”转换到“LONG”，可能丢失数据
     1>d:\mfcprojects\cg2018dzx2dtrans\cg2018dzx2dtrans\cg2018dzx2dtrans\cg2018dzx2dtransview.cpp(346): warning C4244: “=”: 从“float”转换到“LONG”，可能丢失数据
     1>d:\mfcprojects\cg2018dzx2dtrans\cg2018dzx2dtrans\cg2018dzx2dtrans\cg2018dzx2dtransview.cpp(347): warning C4244: “=”: 从“float”转换到“LONG”，可能丢失数据
     1>d:\mfcprojects\cg2018dzx2dtrans\cg2018dzx2dtrans\cg2018dzx2dtrans\cg2018dzx2dtransview.cpp(348): warning C4244: “=”: 从“float”转换到“LONG”，可能丢失数据
     1>d:\mfcprojects\cg2018dzx2dtrans\cg2018dzx2dtrans\cg2018dzx2dtrans\cg2018dzx2dtransview.cpp(381): warning C4244: “=”: 从“float”转换到“LONG”，可能丢失数据
     1>d:\mfcprojects\cg2018dzx2dtrans\cg2018dzx2dtrans\cg2018dzx2dtrans\cg2018dzx2dtransview.cpp(383): warning C4244: “=”: 从“float”转换到“LONG”，可能丢失数据
     1>d:\mfcprojects\cg2018dzx2dtrans\cg2018dzx2dtrans\cg2018dzx2dtrans\cg2018dzx2dtransview.cpp(431): warning C4244: “=”: 从“float”转换到“int”，可能丢失数据
     1>d:\mfcprojects\cg2018dzx2dtrans\cg2018dzx2dtrans\cg2018dzx2dtrans\cg2018dzx2dtransview.cpp(435): warning C4244: “=”: 从“float”转换到“int”，可能丢失数据
     1>d:\mfcprojects\cg2018dzx2dtrans\cg2018dzx2dtrans\cg2018dzx2dtrans\cg2018dzx2dtransview.cpp(442): warning C4244: “=”: 从“float”转换到“int”，可能丢失数据
     1>d:\mfcprojects\cg2018dzx2dtrans\cg2018dzx2dtrans\cg2018dzx2dtrans\cg2018dzx2dtransview.cpp(446): warning C4244: “=”: 从“float”转换到“int”，可能丢失数据
     1>d:\mfcprojects\cg2018dzx2dtrans\cg2018dzx2dtrans\cg2018dzx2dtrans\cg2018dzx2dtransview.cpp(466): warning C4244: “=”: 从“int”转换到“float”，可能丢失数据
     1>d:\mfcprojects\cg2018dzx2dtrans\cg2018dzx2dtrans\cg2018dzx2dtrans\cg2018dzx2dtransview.cpp(466): warning C4244: “=”: 从“float”转换到“int”，可能丢失数据
     1>d:\mfcprojects\cg2018dzx2dtrans\cg2018dzx2dtrans\cg2018dzx2dtrans\cg2018dzx2dtransview.cpp(467): warning C4244: “=”: 从“int”转换到“float”，可能丢失数据
     1>d:\mfcprojects\cg2018dzx2dtrans\cg2018dzx2dtrans\cg2018dzx2dtrans\cg2018dzx2dtransview.cpp(467): warning C4244: “=”: 从“float”转换到“int”，可能丢失数据
     1>d:\mfcprojects\cg2018dzx2dtrans\cg2018dzx2dtrans\cg2018dzx2dtrans\cg2018dzx2dtransview.cpp(518): warning C4101: “Nout”: 未引用的局部变量
     1>d:\mfcprojects\cg2018dzx2dtrans\cg2018dzx2dtrans\cg2018dzx2dtrans\cg2018dzx2dtransview.cpp(657): warning C4244: “=”: 从“double”转换到“int”，可能丢失数据
     1>d:\mfcprojects\cg2018dzx2dtrans\cg2018dzx2dtrans\cg2018dzx2dtrans\cg2018dzx2dtransview.cpp(658): warning C4244: “=”: 从“double”转换到“int”，可能丢失数据
     1>d:\mfcprojects\cg2018dzx2dtrans\cg2018dzx2dtrans\cg2018dzx2dtrans\cg2018dzx2dtransview.cpp(661): warning C4244: “=”: 从“double”转换到“int”，可能丢失数据
     1>d:\mfcprojects\cg2018dzx2dtrans\cg2018dzx2dtrans\cg2018dzx2dtrans\cg2018dzx2dtransview.cpp(662): warning C4244: “=”: 从“double”转换到“int”，可能丢失数据
     1>d:\mfcprojects\cg2018dzx2dtrans\cg2018dzx2dtrans\cg2018dzx2dtrans\cg2018dzx2dtransview.cpp(762): warning C4018: “<”: 有符号/无符号不匹配
     1>d:\mfcprojects\cg2018dzx2dtrans\cg2018dzx2dtrans\cg2018dzx2dtrans\cg2018dzx2dtransview.cpp(600): warning C4715: “Ccg2018DZx2DTransView::Calculate_p”: 不是所有的控件路径都返回值
     1>d:\mfcprojects\cg2018dzx2dtrans\cg2018dzx2dtrans\cg2018dzx2dtrans\cg2018dzx2dtransview.cpp(613): warning C4715: “Ccg2018DZx2DTransView::Calculate_q”: 不是所有的控件路径都返回值
     1>d:\mfcprojects\cg2018dzx2dtrans\cg2018dzx2dtrans\cg2018dzx2dtrans\cg2018dzx2dtransview.cpp(636): warning C4715: “Ccg2018DZx2DTransView::Liang_test”: 不是所有的控件路径都返回值
       ResourceCompile:
         所有输出均为最新。
       ManifestResourceCompile:
         所有输出均为最新。
       Link:
         e:\Program Files (x86)\Microsoft Visual Studio 10.0\VC\bin\link.exe /ERRORREPORT:PROMPT /OUT:"D:\MFCProjects\cg2018DZx2DTrans\cg2018DZx2DTrans\Debug\cg2018DZx2DTrans.exe" /INCREMENTAL /NOLOGO /MANIFEST /ManifestFile:"Debug\cg2018DZx2DTrans.exe.intermediate.manifest" /MANIFESTUAC:"level='asInvoker' uiAccess='false'" /DEBUG /PDB:"D:\MFCProjects\cg2018DZx2DTrans\cg2018DZx2DTrans\Debug\cg2018DZx2DTrans.pdb" /SUBSYSTEM:WINDOWS /TLBID:1 /ENTRY:"wWinMainCRTStartup" /DYNAMICBASE /NXCOMPAT /IMPLIB:"D:\MFCProjects\cg2018DZx2DTrans\cg2018DZx2DTrans\Debug\cg2018DZx2DTrans.lib" /MACHINE:X86 Debug\cg2018DZx2DTrans.res
         Debug\cg2018DZx2DTrans.exe.embed.manifest.res
         Debug\cg2018DZx2DTrans.obj
         Debug\cg2018DZx2DTransDoc.obj
         Debug\cg2018DZx2DTransView.obj
         Debug\CgTransSelect.obj
         Debug\MainFrm.obj
         Debug\stdafx.obj
       Manifest:
         C:\Program Files (x86)\Microsoft SDKs\Windows\v7.0A\bin\mt.exe /nologo /verbose /out:"Debug\cg2018DZx2DTrans.exe.embed.manifest" /manifest Debug\cg2018DZx2DTrans.exe.intermediate.manifest "e:\Program Files (x86)\Microsoft Visual Studio 10.0\VC\Include\Manifest\dpiaware.manifest"
         所有输出均为最新。
       LinkEmbedManifest:
         所有输出均为最新。
         cg2018DZx2DTrans.vcxproj -> D:\MFCProjects\cg2018DZx2DTrans\cg2018DZx2DTrans\Debug\cg2018DZx2DTrans.exe
       FinalizeBuildStatus:
         正在删除文件“Debug\cg2018DZx2DTrans.unsuccessfulbuild”。
         正在对“Debug\cg2018DZx2DTrans.lastbuildstate”执行 Touch 任务。
     1>已完成生成项目“D:\MFCProjects\cg2018DZx2DTrans\cg2018DZx2DTrans\cg2018DZx2DTrans\cg2018DZx2DTrans.vcxproj”(build 个目标)的操作。

生成成功。

已用时间 00:00:01.74
